# JRE version: OpenJDK Runtime Environment Temurin-21.0.8+9 (21.0.8+9) (build 21.0.8+9-LTS)
# Java VM: OpenJDK 64-Bit Server VM Temurin-21.0.8+9 (21.0.8+9-LTS, mixed mode, sharing, tiered, compressed oops, compressed class ptrs, g1 gc, windows-amd64)
GC Precious Log:
 CardTable entry size: 512
 Card Set container configuration: InlinePtr #cards 5 size 8 Array Of Cards #cards 12 size 40 Howl #buckets 4 coarsen threshold 1843 Howl Bitmap #cards 512 size 80 coarsen threshold 460 Card regions per heap region 1 cards per card region 2048
 CPUs: 8 total, 8 available
 Memory: 5845M
 Large Page Support: Disabled
 NUMA Support: Disabled
 Compressed Oops: Enabled (32-bit)
 Heap Region Size: 1M
 Heap Min Capacity: 8M
 Heap Initial Capacity: 92M
 Heap Max Capacity: 1462M
 Pre-touch: Disabled
 Parallel Workers: 8
 Concurrent Workers: 2
 Concurrent Refinement Workers: 8
 Periodic GC: Disabled
Heap:
 garbage-first heap   total 187392K, used 144101K [0x00000000a4a00000, 0x0000000100000000)
  region size 1024K, 5 young (5120K), 5 survivors (5120K)
 Metaspace       used 66400K, committed 67136K, reserved 1114112K
  class space    used 9523K, committed 9856K, reserved 1048576K
GC Heap History (20 events):
Event: 13.965 GC heap after
{Heap after GC invocations=15 (full 0):
 garbage-first heap   total 74752K, used 37728K [0x00000000a4a00000, 0x0000000100000000)
  region size 1024K, 5 young (5120K), 5 survivors (5120K)
 Metaspace       used 64559K, committed 65280K, reserved 1114112K
  class space    used 9144K, committed 9472K, reserved 1048576K
}
Event: 14.116 GC heap before
{Heap before GC invocations=15 (full 0):
 garbage-first heap   total 74752K, used 61280K [0x00000000a4a00000, 0x0000000100000000)
  region size 1024K, 28 young (28672K), 5 survivors (5120K)
 Metaspace       used 64571K, committed 65280K, reserved 1114112K
  class space    used 9144K, committed 9472K, reserved 1048576K
}
Event: 14.130 GC heap after
{Heap after GC invocations=16 (full 0):
 garbage-first heap   total 76800K, used 47360K [0x00000000a4a00000, 0x0000000100000000)
  region size 1024K, 4 young (4096K), 4 survivors (4096K)
 Metaspace       used 64571K, committed 65280K, reserved 1114112K
  class space    used 9144K, committed 9472K, reserved 1048576K
}
Event: 14.134 GC heap before
{Heap before GC invocations=16 (full 0):
 garbage-first heap   total 76800K, used 47360K [0x00000000a4a00000, 0x0000000100000000)
  region size 1024K, 5 young (5120K), 4 survivors (4096K)
 Metaspace       used 64571K, committed 65280K, reserved 1114112K
  class space    used 9144K, committed 9472K, reserved 1048576K
}
Event: 14.139 GC heap after
{Heap after GC invocations=17 (full 0):
 garbage-first heap   total 76800K, used 48551K [0x00000000a4a00000, 0x0000000100000000)
  region size 1024K, 1 young (1024K), 1 survivors (1024K)
 Metaspace       used 64571K, committed 65280K, reserved 1114112K
  class space    used 9144K, committed 9472K, reserved 1048576K
}
Event: 14.234 GC heap before
{Heap before GC invocations=17 (full 0):
 garbage-first heap   total 83968K, used 65959K [0x00000000a4a00000, 0x0000000100000000)
  region size 1024K, 17 young (17408K), 1 survivors (1024K)
 Metaspace       used 64571K, committed 65280K, reserved 1114112K
  class space    used 9144K, committed 9472K, reserved 1048576K
}
Event: 14.243 GC heap after
{Heap after GC invocations=18 (full 0):
 garbage-first heap   total 83968K, used 55681K [0x00000000a4a00000, 0x0000000100000000)
  region size 1024K, 3 young (3072K), 3 survivors (3072K)
 Metaspace       used 64571K, committed 65280K, reserved 1114112K
  class space    used 9144K, committed 9472K, reserved 1048576K
}
Event: 14.306 GC heap before
{Heap before GC invocations=19 (full 0):
 garbage-first heap   total 83968K, used 71041K [0x00000000a4a00000, 0x0000000100000000)
  region size 1024K, 18 young (18432K), 3 survivors (3072K)
 Metaspace       used 64571K, committed 65280K, reserved 1114112K
  class space    used 9144K, committed 9472K, reserved 1048576K
}
Event: 14.320 GC heap after
{Heap after GC invocations=20 (full 0):
 garbage-first heap   total 167936K, used 61707K [0x00000000a4a00000, 0x0000000100000000)
  region size 1024K, 3 young (3072K), 3 survivors (3072K)
 Metaspace       used 64571K, committed 65280K, reserved 1114112K
  class space    used 9144K, committed 9472K, reserved 1048576K
}
Event: 14.929 GC heap before
{Heap before GC invocations=20 (full 0):
 garbage-first heap   total 167936K, used 129291K [0x00000000a4a00000, 0x0000000100000000)
  region size 1024K, 69 young (70656K), 3 survivors (3072K)
 Metaspace       used 64573K, committed 65280K, reserved 1114112K
  class space    used 9145K, committed 9472K, reserved 1048576K
}
Event: 14.936 GC heap after
{Heap after GC invocations=21 (full 0):
 garbage-first heap   total 167936K, used 64501K [0x00000000a4a00000, 0x0000000100000000)
  region size 1024K, 6 young (6144K), 6 survivors (6144K)
 Metaspace       used 64573K, committed 65280K, reserved 1114112K
  class space    used 9145K, committed 9472K, reserved 1048576K
}
Event: 15.621 GC heap before
{Heap before GC invocations=21 (full 0):
 garbage-first heap   total 167936K, used 134133K [0x00000000a4a00000, 0x0000000100000000)
  region size 1024K, 75 young (76800K), 6 survivors (6144K)
 Metaspace       used 66397K, committed 67136K, reserved 1114112K
  class space    used 9523K, committed 9856K, reserved 1048576K
}
Event: 15.633 GC heap after
{Heap after GC invocations=22 (full 0):
 garbage-first heap   total 167936K, used 68613K [0x00000000a4a00000, 0x0000000100000000)
  region size 1024K, 7 young (7168K), 7 survivors (7168K)
 Metaspace       used 66397K, committed 67136K, reserved 1114112K
  class space    used 9523K, committed 9856K, reserved 1048576K
}
Event: 15.877 GC heap before
{Heap before GC invocations=23 (full 0):
 garbage-first heap   total 167936K, used 147461K [0x00000000a4a00000, 0x0000000100000000)
  region size 1024K, 82 young (83968K), 7 survivors (7168K)
 Metaspace       used 66397K, committed 67136K, reserved 1114112K
  class space    used 9523K, committed 9856K, reserved 1048576K
}
Event: 15.916 GC heap after
{Heap after GC invocations=24 (full 0):
 garbage-first heap   total 187392K, used 103198K [0x00000000a4a00000, 0x0000000100000000)
  region size 1024K, 11 young (11264K), 11 survivors (11264K)
 Metaspace       used 66397K, committed 67136K, reserved 1114112K
  class space    used 9523K, committed 9856K, reserved 1048576K
}
Event: 16.075 GC heap before
{Heap before GC invocations=24 (full 0):
 garbage-first heap   total 187392K, used 154398K [0x00000000a4a00000, 0x0000000100000000)
  region size 1024K, 61 young (62464K), 11 survivors (11264K)
 Metaspace       used 66398K, committed 67136K, reserved 1114112K
  class space    used 9523K, committed 9856K, reserved 1048576K
}
Event: 16.105 GC heap after
{Heap after GC invocations=25 (full 0):
 garbage-first heap   total 187392K, used 122368K [0x00000000a4a00000, 0x0000000100000000)
  region size 1024K, 8 young (8192K), 8 survivors (8192K)
 Metaspace       used 66398K, committed 67136K, reserved 1114112K
  class space    used 9523K, committed 9856K, reserved 1048576K
}
Event: 16.229 GC heap before
{Heap before GC invocations=25 (full 0):
 garbage-first heap   total 187392K, used 157184K [0x00000000a4a00000, 0x0000000100000000)
  region size 1024K, 42 young (43008K), 8 survivors (8192K)
 Metaspace       used 66398K, committed 67136K, reserved 1114112K
  class space    used 9523K, committed 9856K, reserved 1048576K
}
Event: 16.248 GC heap after
{Heap after GC invocations=26 (full 0):
 garbage-first heap   total 187392K, used 135168K [0x00000000a4a00000, 0x0000000100000000)
  region size 1024K, 6 young (6144K), 6 survivors (6144K)
 Metaspace       used 66398K, committed 67136K, reserved 1114112K
  class space    used 9523K, committed 9856K, reserved 1048576K
}
Event: 16.356 GC heap before
{Heap before GC invocations=26 (full 0):
 garbage-first heap   total 187392K, used 162816K [0x00000000a4a00000, 0x0000000100000000)
  region size 1024K, 33 young (33792K), 6 survivors (6144K)
 Metaspace       used 66400K, committed 67136K, reserved 1114112K
  class space    used 9523K, committed 9856K, reserved 1048576K
}

